<?xml version="1.0" encoding="UTF-8"?>
<!-- Generated by org.testng.reporters.JUnitReportReporter -->
<testsuite hostname="DESKTOP-D25JH64" failures="0" tests="1" name="TestRunner.CucumberOptionsClass" time="12.604" errors="0" timestamp="2023-02-06T01:22:29 GMT-08:00" skipped="0">
  <testcase classname="TestRunner.CucumberOptionsClass" name="runScenario" time="12.604"/>
  <system-out/>
</testsuite> <!-- TestRunner.CucumberOptionsClass -->
